<?xml version="1.0" encoding="UTF-8"?>
<!-- Generated by org.testng.reporters.JUnitReportReporter -->
<testsuite hostname="LAPTOPSSD18" failures="0" tests="1" name="testCaseVBBanHanh.TC06_LapPhieuGiaiQuyetVBDaPhatHanh_CapNhatTask" time="99.244" errors="0" timestamp="2023-06-20T16:09:48 ICT" skipped="0">
  <testcase classname="testCaseVBBanHanh.TC06_LapPhieuGiaiQuyetVBDaPhatHanh_CapNhatTask" name="LapPhieuGiaiQuyetVBDaPhatHanh" time="99.244"/>
  <system-out>
    <![CDATA[https://daotaoeoffice.petrolimex.com.vn/plxkv1/vanban/SitePages/VanBanBanHanh/VanBanBanHanhEdit.aspx?IDVB=8780&Source=%2fplxkv1%2fvanban%2fsitepages%2fvanbanbanhanh%2fdabanhanh.aspx]]>
  </system-out>
</testsuite> <!-- testCaseVBBanHanh.TC06_LapPhieuGiaiQuyetVBDaPhatHanh_CapNhatTask -->
