<?xml version="1.0" encoding="UTF-8"?>
<!-- Generated by org.testng.reporters.JUnitReportReporter -->
<testsuite hostname="LAPTOPSSD18" failures="0" tests="1" name="testCaseVBBanHanh.TC05_LapPhieuGiaiQuyetVBDaPhatHanh" time="79.099" errors="0" timestamp="2023-06-20T16:02:31 ICT" skipped="0">
  <testcase classname="testCaseVBBanHanh.TC05_LapPhieuGiaiQuyetVBDaPhatHanh" name="LapPhieuGiaiQuyetVBDaPhatHanh" time="79.099"/>
  <system-out/>
</testsuite> <!-- testCaseVBBanHanh.TC05_LapPhieuGiaiQuyetVBDaPhatHanh -->
