<?xml version="1.0" encoding="UTF-8"?>
<!-- Generated by org.testng.reporters.JUnitReportReporter -->
<testsuite hostname="NB35" failures="0" tests="1" name="testCaseVBKySo.TC08_KyThuaLenh_NguoiSoanCoWorkerName1Step" time="74.385" errors="0" timestamp="2023-09-09T12:24:23 ICT" skipped="0">
  <testcase classname="testCaseVBKySo.TC08_KyThuaLenh_NguoiSoanCoWorkerName1Step" name="KyThuaLenh_NguoiSoanCoWorkerName" time="74.385">
    <system-out>
      <![CDATA[https://eoffice.petrolimex.com.vn/plxsb/vanban/SitePages/VanBanDi_Detail.aspx?IId=5523]]>
    </system-out>
  </testcase> <!-- KyThuaLenh_NguoiSoanCoWorkerName -->
  <system-out>
    <![CDATA[https://eoffice.petrolimex.com.vn/plxsb/vanban/SitePages/VanBanDi_Detail.aspx?IId=5523]]>
  </system-out>
</testsuite> <!-- testCaseVBKySo.TC08_KyThuaLenh_NguoiSoanCoWorkerName1Step -->
