<?xml version="1.0" encoding="UTF-8"?>
<!-- Generated by org.testng.reporters.JUnitReportReporter -->
<testsuite hostname="NB35" failures="1" tests="1" name="testCaseVBDT.TC05_NguoiPheDuyetChiaSe" time="66.375" errors="0" timestamp="2023-09-10T19:28:46 ICT" skipped="0">
  <testcase classname="testCaseVBDT.TC05_NguoiPheDuyetChiaSe" name="NguoiPheDuyetChiaSe" time="66.375">
    <failure message="expected [Chia sẻ dự thảo &quot;[VTTest] TC 05 - Người phê duyệt Chia se Van Ban 1694347497232&quot;] but found [Thực hiện VB đến số &quot;[VTTest] TC 01 - Nhân viên - Kiểm tra Nhân viên Hoàn tất Task: 10-09-2023 16:08:08&quot;]" type="java.lang.AssertionError">
      <![CDATA[java.lang.AssertionError: expected [Chia sẻ dự thảo "[VTTest] TC 05 - Người phê duyệt Chia se Van Ban 1694347497232"] but found [Thực hiện VB đến số "[VTTest] TC 01 - Nhân viên - Kiểm tra Nhân viên Hoàn tất Task: 10-09-2023 16:08:08"]
at org.testng.Assert.fail(Assert.java:111)
at org.testng.Assert.failNotEquals(Assert.java:1578)
at org.testng.Assert.assertEqualsImpl(Assert.java:150)
at org.testng.Assert.assertEquals(Assert.java:132)
at org.testng.Assert.assertEquals(Assert.java:656)
at org.testng.Assert.assertEquals(Assert.java:666)
at pages.DanhSachViecCanXuLy.ValidateTaskNhanChiaSeVBDuThao(DanhSachViecCanXuLy.java:113)
at testCaseVBDT.TC05_NguoiPheDuyetChiaSe.NguoiPheDuyetChiaSe(TC05_NguoiPheDuyetChiaSe.java:61)
at java.base/jdk.internal.reflect.NativeMethodAccessorImpl.invoke0(Native Method)
at java.base/jdk.internal.reflect.NativeMethodAccessorImpl.invoke(NativeMethodAccessorImpl.java:77)
at java.base/jdk.internal.reflect.DelegatingMethodAccessorImpl.invoke(DelegatingMethodAccessorImpl.java:43)
at java.base/java.lang.reflect.Method.invoke(Method.java:568)
at org.testng.internal.invokers.MethodInvocationHelper.invokeMethod(MethodInvocationHelper.java:139)
at org.testng.internal.invokers.TestInvoker.invokeMethod(TestInvoker.java:664)
at org.testng.internal.invokers.TestInvoker.invokeTestMethod(TestInvoker.java:227)
at org.testng.internal.invokers.MethodRunner.runInSequence(MethodRunner.java:50)
at org.testng.internal.invokers.TestInvoker$MethodInvocationAgent.invoke(TestInvoker.java:957)
at org.testng.internal.invokers.TestInvoker.invokeTestMethods(TestInvoker.java:200)
at org.testng.internal.invokers.TestMethodWorker.invokeTestMethods(TestMethodWorker.java:148)
at org.testng.internal.invokers.TestMethodWorker.run(TestMethodWorker.java:128)
at java.base/java.util.ArrayList.forEach(ArrayList.java:1511)
at org.testng.TestRunner.privateRun(TestRunner.java:848)
at org.testng.TestRunner.run(TestRunner.java:621)
at org.testng.SuiteRunner.runTest(SuiteRunner.java:443)
at org.testng.SuiteRunner.runSequentially(SuiteRunner.java:437)
at org.testng.SuiteRunner.privateRun(SuiteRunner.java:397)
at org.testng.SuiteRunner.run(SuiteRunner.java:336)
at org.testng.SuiteRunnerWorker.runSuite(SuiteRunnerWorker.java:52)
at org.testng.SuiteRunnerWorker.run(SuiteRunnerWorker.java:95)
at org.testng.TestNG.runSuitesSequentially(TestNG.java:1280)
at org.testng.TestNG.runSuitesLocally(TestNG.java:1200)
at org.testng.TestNG.runSuites(TestNG.java:1114)
at org.testng.TestNG.run(TestNG.java:1082)
at org.testng.remote.AbstractRemoteTestNG.run(AbstractRemoteTestNG.java:115)
at org.testng.remote.RemoteTestNG.initAndRun(RemoteTestNG.java:251)
at org.testng.remote.RemoteTestNG.main(RemoteTestNG.java:77)
]]>
    </failure>
    <system-out>
      <![CDATA[https://eoffice.petrolimex.com.vn/plxcnbt/vanban/sitepages/workflow_xulyquytrinhv2_document.aspx?iid=31830&source=https://eoffice.petrolimex.com.vn/plxcnbt/vanban/default.aspx?page=1]]>
    </system-out>
  </testcase> <!-- NguoiPheDuyetChiaSe -->
  <system-out>
    <![CDATA[https://eoffice.petrolimex.com.vn/plxcnbt/vanban/sitepages/workflow_xulyquytrinhv2_document.aspx?iid=31828&source=https://eoffice.petrolimex.com.vn/plxcnbt/vanban/default.aspx?page=1
https://eoffice.petrolimex.com.vn/plxcnbt/vanban/sitepages/workflow_xulyquytrinhv2_document.aspx?iid=31829&source=https://eoffice.petrolimex.com.vn/plxcnbt/vanban/default.aspx?page=1
https://eoffice.petrolimex.com.vn/plxcnbt/vanban/sitepages/workflow_xulyquytrinhv2_document.aspx?iid=31830&source=https://eoffice.petrolimex.com.vn/plxcnbt/vanban/default.aspx?page=1
https://eoffice.petrolimex.com.vn/plxcnbt/vanban/sitepages/workflow_xulyquytrinhv2_document.aspx?iid=31831&source=https://eoffice.petrolimex.com.vn/plxcnbt/vanban/default.aspx?page=1
https://eoffice.petrolimex.com.vn/plxcnbt/vanban/sitepages/workflow_xulyquytrinhv2_document.aspx?iid=31832&source=https://eoffice.petrolimex.com.vn/plxcnbt/vanban/default.aspx?page=1
https://eoffice.petrolimex.com.vn/plxcnbt/vanban/sitepages/workflow_xulyquytrinhv2_document.aspx?iid=31832&source=https://eoffice.petrolimex.com.vn/plxcnbt/vanban/default.aspx?page=1
https://eoffice.petrolimex.com.vn/plxcnbt/vanban/sitepages/workflow_xulyquytrinhv2_document.aspx?iid=31832&source=https://eoffice.petrolimex.com.vn/plxcnbt/vanban/default.aspx?page=1
https://eoffice.petrolimex.com.vn/plxcnbt/vanban/sitepages/workflow_xulyquytrinhv2_document.aspx?iid=31833&source=https://eoffice.petrolimex.com.vn/plxcnbt/vanban/default.aspx?page=1
https://eoffice.petrolimex.com.vn/plxcnbt/vanban/sitepages/workflow_xulyquytrinhv2_document.aspx?iid=31833&source=https://eoffice.petrolimex.com.vn/plxcnbt/vanban/default.aspx?page=1
https://eoffice.petrolimex.com.vn/plxcnbt/vanban/sitepages/workflow_xulyquytrinhv2_document.aspx?iid=31833&source=https://eoffice.petrolimex.com.vn/plxcnbt/vanban/default.aspx?page=1
https://eoffice.petrolimex.com.vn/plxcnbt/vanban/sitepages/workflow_xulyquytrinhv2_document.aspx?iid=31834&source=https://eoffice.petrolimex.com.vn/plxcnbt/vanban/default.aspx?page=1
https://eoffice.petrolimex.com.vn/plxcnbt/vanban/sitepages/workflow_xulyquytrinhv2_document.aspx?iid=31835&source=https://eoffice.petrolimex.com.vn/plxcnbt/vanban/default.aspx?page=1
https://eoffice.petrolimex.com.vn/plxcnbt/vanban/sitepages/workflow_xulyquytrinhv2_document.aspx?iid=31835&source=https://eoffice.petrolimex.com.vn/plxcnbt/vanban/default.aspx?page=1
https://eoffice.petrolimex.com.vn/plxcnbt/vanban/sitepages/workflow_xulyquytrinhv2_document.aspx?iid=31835&source=https://eoffice.petrolimex.com.vn/plxcnbt/vanban/default.aspx?page=1
https://eoffice.petrolimex.com.vn/plxcnbt/vanban/sitepages/vanbanbanhanh/vanbanbanhanhedit.aspx?idvb=18188&source=https://eoffice.petrolimex.com.vn/plxcnbt/vanban/default.aspx?page=1
https://eoffice.petrolimex.com.vn/plxcnbt/vanban/sitepages/workflow_xulyquytrinhv2_document.aspx?iid=31836&source=https://eoffice.petrolimex.com.vn/plxcnbt/vanban/default.aspx?page=1
https://eoffice.petrolimex.com.vn/plxcnbt/vanban/sitepages/vanbanbanhanh/vanbanbanhanhedit.aspx?idvb=18189&source=https://eoffice.petrolimex.com.vn/plxcnbt/vanban/default.aspx?page=1
https://eoffice.petrolimex.com.vn/plxcnbt/vanban/SitePages/VanBanDi_Detail.aspx?IID=31837&Source=%2fplxcnbt%2fvanban%2fsitepages%2fvanbancuatoi%2fdangsoanthao.aspx]]>
  </system-out>
</testsuite> <!-- testCaseVBDT.TC05_NguoiPheDuyetChiaSe -->
