<?xml version="1.0" encoding="UTF-8"?>
<!-- Generated by org.testng.reporters.JUnitReportReporter -->
<testsuite hostname="LAPTOPSSD18" failures="0" tests="1" name="testCaseTGDXuLyVanBanDen.TC05_TGD_TrinhLanhDao" time="85.314" errors="0" timestamp="2023-06-19T13:55:15 ICT" skipped="0">
  <testcase classname="testCaseTGDXuLyVanBanDen.TC05_TGD_TrinhLanhDao" name="TGDTrinhLanhDao" time="85.314"/>
  <system-out>
    <![CDATA[https://daotaoeoffice.petrolimex.com.vn/plxkv3/vanban/lists/vanbanden/editform.aspx?id=495&source=https://daotaoeoffice.petrolimex.com.vn/plxkv3/vanban]]>
  </system-out>
</testsuite> <!-- testCaseTGDXuLyVanBanDen.TC05_TGD_TrinhLanhDao -->
