<?xml version="1.0" encoding="UTF-8"?>
<!-- Generated by org.testng.reporters.JUnitReportReporter -->
<testsuite hostname="LAPTOPSSD18" failures="0" tests="1" name="testCaseVBBanHanh.TC04_SuaThongTinVBDaPhatHanh" time="67.352" errors="0" timestamp="2023-06-20T15:47:17 ICT" skipped="0">
  <testcase classname="testCaseVBBanHanh.TC04_SuaThongTinVBDaPhatHanh" name="SuaThongTinVBDaPhatHanh" time="67.352"/>
  <system-out/>
</testsuite> <!-- testCaseVBBanHanh.TC04_SuaThongTinVBDaPhatHanh -->
