<?xml version="1.0" encoding="UTF-8"?>
<!-- Generated by org.testng.reporters.JUnitReportReporter -->
<testsuite hostname="LAPTOPSSD18" failures="0" tests="1" name="testCaseTGDXuLyVanBanDen.TC02_TGD_KetThucVB" time="64.805" errors="0" timestamp="2023-06-19T14:56:18 ICT" skipped="0">
  <testcase classname="testCaseTGDXuLyVanBanDen.TC02_TGD_KetThucVB" name="TGD_KetThucVB" time="64.805"/>
  <system-out>
    <![CDATA[https://daotaoeoffice.petrolimex.com.vn/plxkv1/vanban/default.aspx]]>
  </system-out>
</testsuite> <!-- testCaseTGDXuLyVanBanDen.TC02_TGD_KetThucVB -->
