<?xml version="1.0" encoding="UTF-8"?>
<!-- Generated by org.testng.reporters.JUnitReportReporter -->
<testsuite hostname="NB35" failures="0" tests="1" name="testCaseHSTL.TC03_TaoToTrinh" time="141.420" errors="1" timestamp="2023-09-09T13:30:51 ICT" skipped="0">
  <testcase classname="testCaseHSTL.TC03_TaoToTrinh" name="TaoToTrinh" time="141.420">
    <error message="element click intercepted: Element &lt;input type=&quot;submit&quot; name=&quot;ctl00$ctl46$g_43113f5e_a5c8_4708_82e1_39d54f3f19c4$btnNext&quot; value=&quot;Gửi&quot; onclick=&quot;return CheckDataNext();WebForm_DoPostBackWithOptions(new WebForm_PostBackOptions(&amp;quot;ctl00$ctl46$g_43113f5e_a5c8_4708_82e1_39d54f3f19c4$btnNext&amp;quot;, &amp;quot;&amp;quot;, true, &amp;quot;&amp;quot;, &amp;quot;&amp;quot;, false, false))&quot; id=&quot;ctl00_ctl46_g_43113f5e_a5c8_4708_82e1_39d54f3f19c4_btnNext&quot; class=&quot;btnNext&quot;&gt; is not clickable at point (23, 18). Other element would receive the click: &lt;div id=&quot;divLoading&quot; class=&quot;loading&quot; style=&quot;&quot;&gt;...&lt;/div&gt;
  (Session info: chrome=116.0.5845.180)
Build info: version: &#039;3.9.1&#039;, revision: &#039;63f7b50&#039;, time: &#039;2018-02-07T22:42:28.403Z&#039;
System info: host: &#039;NB35&#039;, ip: &#039;192.168.1.9&#039;, os.name: &#039;Windows 11&#039;, os.arch: &#039;amd64&#039;, os.version: &#039;10.0&#039;, java.version: &#039;17.0.8.1&#039;
Driver info: org.openqa.selenium.chrome.ChromeDriver
Capabilities {acceptInsecureCerts: false, browserName: chrome, browserVersion: 116.0.5845.180, chrome: {chromedriverVersion: 116.0.5845.96 (1a3918166880..., userDataDir: C:\Users\vylt\AppData\Local...}, fedcm:accounts: true, goog:chromeOptions: {debuggerAddress: localhost:52577}, javascriptEnabled: true, networkConnectionEnabled: false, pageLoadStrategy: normal, platform: WINDOWS, platformName: WINDOWS, proxy: Proxy(), setWindowRect: true, strictFileInteractability: false, timeouts: {implicit: 0, pageLoad: 300000, script: 30000}, unhandledPromptBehavior: dismiss and notify, webauthn:extension:credBlob: true, webauthn:extension:largeBlob: true, webauthn:extension:minPinLength: true, webauthn:extension:prf: true, webauthn:virtualAuthenticators: true}
Session ID: cf38862acda33b35bbde6c44e6edc7a0" type="org.openqa.selenium.ElementClickInterceptedException">
      <![CDATA[org.openqa.selenium.ElementClickInterceptedException: element click intercepted: Element <input type="submit" name="ctl00$ctl46$g_43113f5e_a5c8_4708_82e1_39d54f3f19c4$btnNext" value="Gửi" onclick="return CheckDataNext();WebForm_DoPostBackWithOptions(new WebForm_PostBackOptions(&quot;ctl00$ctl46$g_43113f5e_a5c8_4708_82e1_39d54f3f19c4$btnNext&quot;, &quot;&quot;, true, &quot;&quot;, &quot;&quot;, false, false))" id="ctl00_ctl46_g_43113f5e_a5c8_4708_82e1_39d54f3f19c4_btnNext" class="btnNext"> is not clickable at point (23, 18). Other element would receive the click: <div id="divLoading" class="loading" style="">...</div>
  (Session info: chrome=116.0.5845.180)
Build info: version: '3.9.1', revision: '63f7b50', time: '2018-02-07T22:42:28.403Z'
System info: host: 'NB35', ip: '192.168.1.9', os.name: 'Windows 11', os.arch: 'amd64', os.version: '10.0', java.version: '17.0.8.1'
Driver info: org.openqa.selenium.chrome.ChromeDriver
Capabilities {acceptInsecureCerts: false, browserName: chrome, browserVersion: 116.0.5845.180, chrome: {chromedriverVersion: 116.0.5845.96 (1a3918166880..., userDataDir: C:\Users\vylt\AppData\Local...}, fedcm:accounts: true, goog:chromeOptions: {debuggerAddress: localhost:52577}, javascriptEnabled: true, networkConnectionEnabled: false, pageLoadStrategy: normal, platform: WINDOWS, platformName: WINDOWS, proxy: Proxy(), setWindowRect: true, strictFileInteractability: false, timeouts: {implicit: 0, pageLoad: 300000, script: 30000}, unhandledPromptBehavior: dismiss and notify, webauthn:extension:credBlob: true, webauthn:extension:largeBlob: true, webauthn:extension:minPinLength: true, webauthn:extension:prf: true, webauthn:virtualAuthenticators: true}
Session ID: cf38862acda33b35bbde6c44e6edc7a0
at java.base/jdk.internal.reflect.NativeConstructorAccessorImpl.newInstance0(Native Method)
at java.base/jdk.internal.reflect.NativeConstructorAccessorImpl.newInstance(NativeConstructorAccessorImpl.java:77)
at java.base/jdk.internal.reflect.DelegatingConstructorAccessorImpl.newInstance(DelegatingConstructorAccessorImpl.java:45)
at java.base/java.lang.reflect.Constructor.newInstanceWithCaller(Constructor.java:499)
at java.base/java.lang.reflect.Constructor.newInstance(Constructor.java:480)
at org.openqa.selenium.remote.http.W3CHttpResponseCodec.createException(W3CHttpResponseCodec.java:187)
at org.openqa.selenium.remote.http.W3CHttpResponseCodec.decode(W3CHttpResponseCodec.java:122)
at org.openqa.selenium.remote.http.W3CHttpResponseCodec.decode(W3CHttpResponseCodec.java:49)
at org.openqa.selenium.remote.HttpCommandExecutor.execute(HttpCommandExecutor.java:160)
at org.openqa.selenium.remote.service.DriverCommandExecutor.execute(DriverCommandExecutor.java:83)
at org.openqa.selenium.remote.RemoteWebDriver.execute(RemoteWebDriver.java:601)
at org.openqa.selenium.remote.RemoteWebElement.execute(RemoteWebElement.java:279)
at org.openqa.selenium.remote.RemoteWebElement.click(RemoteWebElement.java:83)
at pages.FormHoSoTaiLieu.GuiPheDuyet(FormHoSoTaiLieu.java:698)
at testCaseHSTL.TC03_TaoToTrinh.TaoToTrinh(TC03_TaoToTrinh.java:100)
at java.base/jdk.internal.reflect.NativeMethodAccessorImpl.invoke0(Native Method)
at java.base/jdk.internal.reflect.NativeMethodAccessorImpl.invoke(NativeMethodAccessorImpl.java:77)
at java.base/jdk.internal.reflect.DelegatingMethodAccessorImpl.invoke(DelegatingMethodAccessorImpl.java:43)
at java.base/java.lang.reflect.Method.invoke(Method.java:568)
at org.testng.internal.invokers.MethodInvocationHelper.invokeMethod(MethodInvocationHelper.java:139)
at org.testng.internal.invokers.TestInvoker.invokeMethod(TestInvoker.java:664)
at org.testng.internal.invokers.TestInvoker.invokeTestMethod(TestInvoker.java:227)
at org.testng.internal.invokers.MethodRunner.runInSequence(MethodRunner.java:50)
at org.testng.internal.invokers.TestInvoker$MethodInvocationAgent.invoke(TestInvoker.java:957)
at org.testng.internal.invokers.TestInvoker.invokeTestMethods(TestInvoker.java:200)
at org.testng.internal.invokers.TestMethodWorker.invokeTestMethods(TestMethodWorker.java:148)
at org.testng.internal.invokers.TestMethodWorker.run(TestMethodWorker.java:128)
at java.base/java.util.ArrayList.forEach(ArrayList.java:1511)
at org.testng.TestRunner.privateRun(TestRunner.java:848)
at org.testng.TestRunner.run(TestRunner.java:621)
at org.testng.SuiteRunner.runTest(SuiteRunner.java:443)
at org.testng.SuiteRunner.runSequentially(SuiteRunner.java:437)
at org.testng.SuiteRunner.privateRun(SuiteRunner.java:397)
at org.testng.SuiteRunner.run(SuiteRunner.java:336)
at org.testng.SuiteRunnerWorker.runSuite(SuiteRunnerWorker.java:52)
at org.testng.SuiteRunnerWorker.run(SuiteRunnerWorker.java:95)
at org.testng.TestNG.runSuitesSequentially(TestNG.java:1280)
at org.testng.TestNG.runSuitesLocally(TestNG.java:1200)
at org.testng.TestNG.runSuites(TestNG.java:1114)
at org.testng.TestNG.run(TestNG.java:1082)
at org.testng.remote.AbstractRemoteTestNG.run(AbstractRemoteTestNG.java:115)
at org.testng.remote.RemoteTestNG.initAndRun(RemoteTestNG.java:251)
at org.testng.remote.RemoteTestNG.main(RemoteTestNG.java:77)
]]>
    </error>
    <system-out>
      <![CDATA[https://eoffice.petrolimex.com.vn/plxsb/vanban/SitePages/VanBanDi_Detail.aspx?IId=5527&SPId=15&ListID=9710b5f7-0241-4714-8041-0f596f9ae605]]>
    </system-out>
  </testcase> <!-- TaoToTrinh -->
  <system-out>
    <![CDATA[https://eoffice.petrolimex.com.vn/plxsb/vanban/SitePages/VanBanDi_Detail.aspx?IId=5526&SPId=10&ListID=9710b5f7-0241-4714-8041-0f596f9ae605
https://eoffice.petrolimex.com.vn/plxsb/vanban/SitePages/VanBanDi_Detail.aspx?IId=5527&SPId=15&ListID=9710b5f7-0241-4714-8041-0f596f9ae605
https://eoffice.petrolimex.com.vn/plxsb/vanban/SitePages/VanBanDi_Detail.aspx?IId=5528&SPId=19&ListID=9710b5f7-0241-4714-8041-0f596f9ae605
https://eoffice.petrolimex.com.vn/plxsb/vanban/SitePages/VanBanDi_Detail.aspx?IId=5529&SPId=23&ListID=9710b5f7-0241-4714-8041-0f596f9ae605
https://eoffice.petrolimex.com.vn/plxsb/vanban/SitePages/VanBanDi_Detail.aspx?IId=5530&SPId=28&ListID=9710b5f7-0241-4714-8041-0f596f9ae605]]>
  </system-out>
</testsuite> <!-- testCaseHSTL.TC03_TaoToTrinh -->
