<?xml version="1.0" encoding="UTF-8"?>
<!-- Generated by org.testng.reporters.JUnitReportReporter -->
<testsuite hostname="LAPTOPSSD18" failures="0" tests="1" name="testCaseHSTL.TC01_TaoHopDong2UserPheDuyet" time="163.050" errors="0" timestamp="2023-06-21T14:12:49 ICT" skipped="0">
  <testcase classname="testCaseHSTL.TC01_TaoHopDong2UserPheDuyet" name="TaoHopDong2UserPheDuyet" time="163.050"/>
  <system-out>
    <![CDATA[https://daotaoeoffice.petrolimex.com.vn/plxkv1/vanban/SitePages/VanBanDi_Detail.aspx?IId=2325&SPId=1271&ListID=9710b5f7-0241-4714-8041-0f596f9ae605]]>
  </system-out>
</testsuite> <!-- testCaseHSTL.TC01_TaoHopDong2UserPheDuyet -->
