<?xml version="1.0" encoding="UTF-8"?>
<!-- Generated by org.testng.reporters.JUnitReportReporter -->
<testsuite hostname="LAPTOPSSD18" failures="0" tests="1" name="testCaseHSTL.TC09_KiemTraHoSoLuuTru" time="110.777" errors="0" timestamp="2023-06-21T17:50:51 ICT" skipped="0">
  <testcase classname="testCaseHSTL.TC09_KiemTraHoSoLuuTru" name="TaoHopDong" time="110.777"/>
  <system-out>
    <![CDATA[https://daotaoeoffice.petrolimex.com.vn/plxkv1/vanban/SitePages/VanBanDi_Detail.aspx?IId=2334&SPId=1298&ListID=9710b5f7-0241-4714-8041-0f596f9ae605]]>
  </system-out>
</testsuite> <!-- testCaseHSTL.TC09_KiemTraHoSoLuuTru -->
