<?xml version="1.0" encoding="UTF-8"?>
<!-- Generated by org.testng.reporters.JUnitReportReporter -->
<testsuite hostname="LAPTOPSSD18" failures="0" tests="1" name="testCaseTGDXuLyVanBanDen.TC04_TGD_PhanCongThucHien" time="68.140" errors="0" timestamp="2023-06-19T14:07:20 ICT" skipped="0">
  <testcase classname="testCaseTGDXuLyVanBanDen.TC04_TGD_PhanCongThucHien" name="TGDPhanCongThucHien" time="68.140"/>
  <system-out/>
</testsuite> <!-- testCaseTGDXuLyVanBanDen.TC04_TGD_PhanCongThucHien -->
