<?xml version="1.0" encoding="UTF-8"?>
<!-- Generated by org.testng.reporters.JUnitReportReporter -->
<testsuite hostname="NB35" failures="0" tests="1" name="tetsCaseTinhNangChung.AddUser" time="188.071" errors="0" timestamp="2023-09-08T09:54:16 HOVT" skipped="0">
  <testcase classname="tetsCaseTinhNangChung.AddUser" name="TaoMoiUser" time="188.071"/>
</testsuite> <!-- tetsCaseTinhNangChung.AddUser -->
