<?xml version="1.0" encoding="UTF-8"?>
<!-- Generated by org.testng.reporters.JUnitReportReporter -->
<testsuite hostname="LAPTOPSSD18" failures="0" tests="1" name="testCaseHSTL.TC08_ThaoTacXoaDanhMucTrenForm" time="60.589" errors="0" timestamp="2023-06-21T17:44:37 ICT" skipped="0">
  <testcase classname="testCaseHSTL.TC08_ThaoTacXoaDanhMucTrenForm" name="ThaoTacXoaDanhMucTrenForm" time="60.589"/>
  <system-out>
    <![CDATA[https://daotaoeoffice.petrolimex.com.vn/plxkv1/vanban/SitePages/VanBanDi_Detail.aspx?IId=2331&SPId=1289&ListID=9710b5f7-0241-4714-8041-0f596f9ae605
https://daotaoeoffice.petrolimex.com.vn/plxkv1/vanban/SitePages/VanBanDi_Detail.aspx?IID=2331&Source=%2fplxkv1%2fvanban%2fsitepages%2fvanbancuatoi%2fdangsoanthao.aspx]]>
  </system-out>
</testsuite> <!-- testCaseHSTL.TC08_ThaoTacXoaDanhMucTrenForm -->
